<?xml version="1.0" encoding="UTF-8"?>
<testsuite name="ru.digitalhabbits.homework2.E2ETests" tests="1" skipped="0" failures="0" errors="0" timestamp="2023-10-11T07:53:26" hostname="MacBook-Air-Gleb.local" time="0.334">
  <properties/>
  <testcase name="async_file_letter_counting_should_return_predicted_count()" classname="ru.digitalhabbits.homework2.E2ETests" time="0.334"/>
  <system-out><![CDATA[ForkJoinPool.commonPool-worker-3
ForkJoinPool.commonPool-worker-3
ForkJoinPool.commonPool-worker-5
ForkJoinPool.commonPool-worker-5
ForkJoinPool.commonPool-worker-5
ForkJoinPool.commonPool-worker-5
ForkJoinPool.commonPool-worker-5
ForkJoinPool.commonPool-worker-5
ForkJoinPool.commonPool-worker-5
ForkJoinPool.commonPool-worker-5
ForkJoinPool.commonPool-worker-5
ForkJoinPool.commonPool-worker-5
ForkJoinPool.commonPool-worker-5
ForkJoinPool.commonPool-worker-5
ForkJoinPool.commonPool-worker-5
ForkJoinPool.commonPool-worker-5
ForkJoinPool.commonPool-worker-5
ForkJoinPool.commonPool-worker-5
ForkJoinPool.commonPool-worker-5
ForkJoinPool.commonPool-worker-5
ForkJoinPool.commonPool-worker-5
ForkJoinPool.commonPool-worker-5
ForkJoinPool.commonPool-worker-5
ForkJoinPool.commonPool-worker-5
ForkJoinPool.commonPool-worker-5
ForkJoinPool.commonPool-worker-5
ForkJoinPool.commonPool-worker-5
ForkJoinPool.commonPool-worker-5
ForkJoinPool.commonPool-worker-5
ForkJoinPool.commonPool-worker-5
ForkJoinPool.commonPool-worker-5
ForkJoinPool.commonPool-worker-5
ForkJoinPool.commonPool-worker-5
ForkJoinPool.commonPool-worker-5
ForkJoinPool.commonPool-worker-5
ForkJoinPool.commonPool-worker-5
ForkJoinPool.commonPool-worker-5
ForkJoinPool.commonPool-worker-5
ForkJoinPool.commonPool-worker-5
ForkJoinPool.commonPool-worker-5
ForkJoinPool.commonPool-worker-5
ForkJoinPool.commonPool-worker-5
ForkJoinPool.commonPool-worker-5
ForkJoinPool.commonPool-worker-5
ForkJoinPool.commonPool-worker-5
ForkJoinPool.commonPool-worker-5
ForkJoinPool.commonPool-worker-5
ForkJoinPool.commonPool-worker-5
ForkJoinPool.commonPool-worker-5
ForkJoinPool.commonPool-worker-5
ForkJoinPool.commonPool-worker-5
ForkJoinPool.commonPool-worker-5
ForkJoinPool.commonPool-worker-5
ForkJoinPool.commonPool-worker-5
ForkJoinPool.commonPool-worker-5
ForkJoinPool.commonPool-worker-5
ForkJoinPool.commonPool-worker-5
ForkJoinPool.commonPool-worker-5
ForkJoinPool.commonPool-worker-5
ForkJoinPool.commonPool-worker-5
ForkJoinPool.commonPool-worker-5
ForkJoinPool.commonPool-worker-5
ForkJoinPool.commonPool-worker-5
ForkJoinPool.commonPool-worker-5
ForkJoinPool.commonPool-worker-5
ForkJoinPool.commonPool-worker-5
ForkJoinPool.commonPool-worker-5
ForkJoinPool.commonPool-worker-5
ForkJoinPool.commonPool-worker-5
ForkJoinPool.commonPool-worker-5
ForkJoinPool.commonPool-worker-5
ForkJoinPool.commonPool-worker-5
ForkJoinPool.commonPool-worker-5
ForkJoinPool.commonPool-worker-5
ForkJoinPool.commonPool-worker-5
ForkJoinPool.commonPool-worker-5
ForkJoinPool.commonPool-worker-5
ForkJoinPool.commonPool-worker-5
ForkJoinPool.commonPool-worker-5
ForkJoinPool.commonPool-worker-5
ForkJoinPool.commonPool-worker-5
ForkJoinPool.commonPool-worker-5
ForkJoinPool.commonPool-worker-5
ForkJoinPool.commonPool-worker-5
ForkJoinPool.commonPool-worker-5
ForkJoinPool.commonPool-worker-5
ForkJoinPool.commonPool-worker-5
ForkJoinPool.commonPool-worker-5
ForkJoinPool.commonPool-worker-5
ForkJoinPool.commonPool-worker-5
ForkJoinPool.commonPool-worker-5
ForkJoinPool.commonPool-worker-5
ForkJoinPool.commonPool-worker-5
ForkJoinPool.commonPool-worker-5
ForkJoinPool.commonPool-worker-5
ForkJoinPool.commonPool-worker-5
ForkJoinPool.commonPool-worker-5
ForkJoinPool.commonPool-worker-5
ForkJoinPool.commonPool-worker-5
ForkJoinPool.commonPool-worker-5
ForkJoinPool.commonPool-worker-5
ForkJoinPool.commonPool-worker-5
ForkJoinPool.commonPool-worker-5
ForkJoinPool.commonPool-worker-5
ForkJoinPool.commonPool-worker-5
ForkJoinPool.commonPool-worker-5
ForkJoinPool.commonPool-worker-5
ForkJoinPool.commonPool-worker-5
ForkJoinPool.commonPool-worker-5
ForkJoinPool.commonPool-worker-5
ForkJoinPool.commonPool-worker-5
ForkJoinPool.commonPool-worker-5
ForkJoinPool.commonPool-worker-5
ForkJoinPool.commonPool-worker-5
ForkJoinPool.commonPool-worker-5
ForkJoinPool.commonPool-worker-3
ForkJoinPool.commonPool-worker-5
ForkJoinPool.commonPool-worker-5
ForkJoinPool.commonPool-worker-3
ForkJoinPool.commonPool-worker-3
ForkJoinPool.commonPool-worker-3
ForkJoinPool.commonPool-worker-3
ForkJoinPool.commonPool-worker-3
ForkJoinPool.commonPool-worker-3
ForkJoinPool.commonPool-worker-3
ForkJoinPool.commonPool-worker-3
ForkJoinPool.commonPool-worker-3
ForkJoinPool.commonPool-worker-3
ForkJoinPool.commonPool-worker-3
ForkJoinPool.commonPool-worker-3
ForkJoinPool.commonPool-worker-3
ForkJoinPool.commonPool-worker-3
ForkJoinPool.commonPool-worker-3
ForkJoinPool.commonPool-worker-3
ForkJoinPool.commonPool-worker-3
ForkJoinPool.commonPool-worker-3
ForkJoinPool.commonPool-worker-3
ForkJoinPool.commonPool-worker-3
ForkJoinPool.commonPool-worker-3
ForkJoinPool.commonPool-worker-3
ForkJoinPool.commonPool-worker-3
ForkJoinPool.commonPool-worker-3
ForkJoinPool.commonPool-worker-3
ForkJoinPool.commonPool-worker-3
ForkJoinPool.commonPool-worker-3
ForkJoinPool.commonPool-worker-3
ForkJoinPool.commonPool-worker-3
ForkJoinPool.commonPool-worker-3
ForkJoinPool.commonPool-worker-3
ForkJoinPool.commonPool-worker-3
ForkJoinPool.commonPool-worker-3
ForkJoinPool.commonPool-worker-3
ForkJoinPool.commonPool-worker-3
ForkJoinPool.commonPool-worker-3
ForkJoinPool.commonPool-worker-3
ForkJoinPool.commonPool-worker-3
ForkJoinPool.commonPool-worker-3
ForkJoinPool.commonPool-worker-3
ForkJoinPool.commonPool-worker-3
ForkJoinPool.commonPool-worker-3
ForkJoinPool.commonPool-worker-7
ForkJoinPool.commonPool-worker-7
ForkJoinPool.commonPool-worker-7
ForkJoinPool.commonPool-worker-7
ForkJoinPool.commonPool-worker-7
ForkJoinPool.commonPool-worker-7
ForkJoinPool.commonPool-worker-7
ForkJoinPool.commonPool-worker-7
ForkJoinPool.commonPool-worker-7
ForkJoinPool.commonPool-worker-7
ForkJoinPool.commonPool-worker-7
ForkJoinPool.commonPool-worker-7
ForkJoinPool.commonPool-worker-7
ForkJoinPool.commonPool-worker-7
ForkJoinPool.commonPool-worker-7
ForkJoinPool.commonPool-worker-7
ForkJoinPool.commonPool-worker-7
ForkJoinPool.commonPool-worker-7
ForkJoinPool.commonPool-worker-7
ForkJoinPool.commonPool-worker-7
ForkJoinPool.commonPool-worker-7
ForkJoinPool.commonPool-worker-7
ForkJoinPool.commonPool-worker-7
ForkJoinPool.commonPool-worker-7
ForkJoinPool.commonPool-worker-7
ForkJoinPool.commonPool-worker-7
ForkJoinPool.commonPool-worker-7
ForkJoinPool.commonPool-worker-7
ForkJoinPool.commonPool-worker-7
ForkJoinPool.commonPool-worker-7
ForkJoinPool.commonPool-worker-7
ForkJoinPool.commonPool-worker-7
ForkJoinPool.commonPool-worker-7
ForkJoinPool.commonPool-worker-7
ForkJoinPool.commonPool-worker-7
ForkJoinPool.commonPool-worker-7
ForkJoinPool.commonPool-worker-7
ForkJoinPool.commonPool-worker-7
ForkJoinPool.commonPool-worker-7
ForkJoinPool.commonPool-worker-7
ForkJoinPool.commonPool-worker-7
ForkJoinPool.commonPool-worker-7
ForkJoinPool.commonPool-worker-7
ForkJoinPool.commonPool-worker-7
ForkJoinPool.commonPool-worker-7
ForkJoinPool.commonPool-worker-7
ForkJoinPool.commonPool-worker-7
ForkJoinPool.commonPool-worker-7
ForkJoinPool.commonPool-worker-7
ForkJoinPool.commonPool-worker-7
ForkJoinPool.commonPool-worker-7
ForkJoinPool.commonPool-worker-7
ForkJoinPool.commonPool-worker-7
ForkJoinPool.commonPool-worker-7
ForkJoinPool.commonPool-worker-7
ForkJoinPool.commonPool-worker-7
ForkJoinPool.commonPool-worker-7
ForkJoinPool.commonPool-worker-7
ForkJoinPool.commonPool-worker-7
ForkJoinPool.commonPool-worker-7
ForkJoinPool.commonPool-worker-7
ForkJoinPool.commonPool-worker-7
ForkJoinPool.commonPool-worker-7
ForkJoinPool.commonPool-worker-7
ForkJoinPool.commonPool-worker-7
ForkJoinPool.commonPool-worker-7
ForkJoinPool.commonPool-worker-7
ForkJoinPool.commonPool-worker-7
ForkJoinPool.commonPool-worker-7
ForkJoinPool.commonPool-worker-7
ForkJoinPool.commonPool-worker-7
ForkJoinPool.commonPool-worker-7
ForkJoinPool.commonPool-worker-7
ForkJoinPool.commonPool-worker-7
ForkJoinPool.commonPool-worker-7
ForkJoinPool.commonPool-worker-7
ForkJoinPool.commonPool-worker-7
ForkJoinPool.commonPool-worker-7
ForkJoinPool.commonPool-worker-7
ForkJoinPool.commonPool-worker-7
ForkJoinPool.commonPool-worker-3
ForkJoinPool.commonPool-worker-3
ForkJoinPool.commonPool-worker-3
ForkJoinPool.commonPool-worker-3
ForkJoinPool.commonPool-worker-3
ForkJoinPool.commonPool-worker-3
ForkJoinPool.commonPool-worker-7
ForkJoinPool.commonPool-worker-5
ForkJoinPool.commonPool-worker-7
ForkJoinPool.commonPool-worker-7
ForkJoinPool.commonPool-worker-7
ForkJoinPool.commonPool-worker-7
ForkJoinPool.commonPool-worker-7
ForkJoinPool.commonPool-worker-7
ForkJoinPool.commonPool-worker-7
ForkJoinPool.commonPool-worker-7
ForkJoinPool.commonPool-worker-7
ForkJoinPool.commonPool-worker-7
ForkJoinPool.commonPool-worker-7
ForkJoinPool.commonPool-worker-7
ForkJoinPool.commonPool-worker-7
ForkJoinPool.commonPool-worker-7
ForkJoinPool.commonPool-worker-7
ForkJoinPool.commonPool-worker-7
ForkJoinPool.commonPool-worker-7
ForkJoinPool.commonPool-worker-7
ForkJoinPool.commonPool-worker-7
ForkJoinPool.commonPool-worker-7
ForkJoinPool.commonPool-worker-7
ForkJoinPool.commonPool-worker-7
ForkJoinPool.commonPool-worker-7
ForkJoinPool.commonPool-worker-7
ForkJoinPool.commonPool-worker-7
ForkJoinPool.commonPool-worker-7
ForkJoinPool.commonPool-worker-7
ForkJoinPool.commonPool-worker-7
ForkJoinPool.commonPool-worker-7
ForkJoinPool.commonPool-worker-7
ForkJoinPool.commonPool-worker-7
ForkJoinPool.commonPool-worker-7
ForkJoinPool.commonPool-worker-7
ForkJoinPool.commonPool-worker-7
ForkJoinPool.commonPool-worker-7
ForkJoinPool.commonPool-worker-7
ForkJoinPool.commonPool-worker-7
ForkJoinPool.commonPool-worker-7
ForkJoinPool.commonPool-worker-7
ForkJoinPool.commonPool-worker-7
ForkJoinPool.commonPool-worker-7
ForkJoinPool.commonPool-worker-7
ForkJoinPool.commonPool-worker-7
ForkJoinPool.commonPool-worker-7
ForkJoinPool.commonPool-worker-7
ForkJoinPool.commonPool-worker-7
ForkJoinPool.commonPool-worker-7
ForkJoinPool.commonPool-worker-7
ForkJoinPool.commonPool-worker-5
ForkJoinPool.commonPool-worker-7
ForkJoinPool.commonPool-worker-5
ForkJoinPool.commonPool-worker-5
ForkJoinPool.commonPool-worker-5
ForkJoinPool.commonPool-worker-5
ForkJoinPool.commonPool-worker-5
ForkJoinPool.commonPool-worker-5
ForkJoinPool.commonPool-worker-5
ForkJoinPool.commonPool-worker-5
ForkJoinPool.commonPool-worker-5
ForkJoinPool.commonPool-worker-5
ForkJoinPool.commonPool-worker-5
ForkJoinPool.commonPool-worker-5
ForkJoinPool.commonPool-worker-5
ForkJoinPool.commonPool-worker-5
ForkJoinPool.commonPool-worker-5
ForkJoinPool.commonPool-worker-5
ForkJoinPool.commonPool-worker-5
ForkJoinPool.commonPool-worker-5
ForkJoinPool.commonPool-worker-5
ForkJoinPool.commonPool-worker-5
ForkJoinPool.commonPool-worker-5
ForkJoinPool.commonPool-worker-7
ForkJoinPool.commonPool-worker-7
ForkJoinPool.commonPool-worker-7
ForkJoinPool.commonPool-worker-7
ForkJoinPool.commonPool-worker-7
ForkJoinPool.commonPool-worker-7
ForkJoinPool.commonPool-worker-7
ForkJoinPool.commonPool-worker-7
ForkJoinPool.commonPool-worker-7
ForkJoinPool.commonPool-worker-7
ForkJoinPool.commonPool-worker-7
ForkJoinPool.commonPool-worker-7
ForkJoinPool.commonPool-worker-7
ForkJoinPool.commonPool-worker-7
ForkJoinPool.commonPool-worker-7
ForkJoinPool.commonPool-worker-7
ForkJoinPool.commonPool-worker-7
ForkJoinPool.commonPool-worker-7
ForkJoinPool.commonPool-worker-7
ForkJoinPool.commonPool-worker-7
ForkJoinPool.commonPool-worker-7
ForkJoinPool.commonPool-worker-7
ForkJoinPool.commonPool-worker-7
ForkJoinPool.commonPool-worker-7
ForkJoinPool.commonPool-worker-7
ForkJoinPool.commonPool-worker-7
ForkJoinPool.commonPool-worker-7
ForkJoinPool.commonPool-worker-7
ForkJoinPool.commonPool-worker-7
ForkJoinPool.commonPool-worker-7
ForkJoinPool.commonPool-worker-7
ForkJoinPool.commonPool-worker-7
ForkJoinPool.commonPool-worker-7
ForkJoinPool.commonPool-worker-7
ForkJoinPool.commonPool-worker-7
ForkJoinPool.commonPool-worker-7
ForkJoinPool.commonPool-worker-7
ForkJoinPool.commonPool-worker-7
ForkJoinPool.commonPool-worker-7
ForkJoinPool.commonPool-worker-7
ForkJoinPool.commonPool-worker-7
ForkJoinPool.commonPool-worker-7
ForkJoinPool.commonPool-worker-7
ForkJoinPool.commonPool-worker-7
ForkJoinPool.commonPool-worker-7
ForkJoinPool.commonPool-worker-7
ForkJoinPool.commonPool-worker-7
ForkJoinPool.commonPool-worker-7
ForkJoinPool.commonPool-worker-7
ForkJoinPool.commonPool-worker-7
ForkJoinPool.commonPool-worker-7
ForkJoinPool.commonPool-worker-7
ForkJoinPool.commonPool-worker-7
ForkJoinPool.commonPool-worker-7
ForkJoinPool.commonPool-worker-5
ForkJoinPool.commonPool-worker-5
ForkJoinPool.commonPool-worker-5
ForkJoinPool.commonPool-worker-5
ForkJoinPool.commonPool-worker-5
ForkJoinPool.commonPool-worker-5
ForkJoinPool.commonPool-worker-5
ForkJoinPool.commonPool-worker-5
ForkJoinPool.commonPool-worker-5
ForkJoinPool.commonPool-worker-5
ForkJoinPool.commonPool-worker-7
ForkJoinPool.commonPool-worker-7
ForkJoinPool.commonPool-worker-7
ForkJoinPool.commonPool-worker-7
ForkJoinPool.commonPool-worker-7
ForkJoinPool.commonPool-worker-7
ForkJoinPool.commonPool-worker-5
ForkJoinPool.commonPool-worker-5
ForkJoinPool.commonPool-worker-7
ForkJoinPool.commonPool-worker-7
ForkJoinPool.commonPool-worker-7
ForkJoinPool.commonPool-worker-7
ForkJoinPool.commonPool-worker-7
ForkJoinPool.commonPool-worker-7
ForkJoinPool.commonPool-worker-7
ForkJoinPool.commonPool-worker-7
ForkJoinPool.commonPool-worker-7
ForkJoinPool.commonPool-worker-7
ForkJoinPool.commonPool-worker-7
ForkJoinPool.commonPool-worker-7
ForkJoinPool.commonPool-worker-7
ForkJoinPool.commonPool-worker-7
ForkJoinPool.commonPool-worker-7
ForkJoinPool.commonPool-worker-7
ForkJoinPool.commonPool-worker-7
ForkJoinPool.commonPool-worker-7
ForkJoinPool.commonPool-worker-7
ForkJoinPool.commonPool-worker-7
ForkJoinPool.commonPool-worker-7
ForkJoinPool.commonPool-worker-7
ForkJoinPool.commonPool-worker-7
ForkJoinPool.commonPool-worker-7
ForkJoinPool.commonPool-worker-7
ForkJoinPool.commonPool-worker-7
ForkJoinPool.commonPool-worker-7
ForkJoinPool.commonPool-worker-7
ForkJoinPool.commonPool-worker-7
ForkJoinPool.commonPool-worker-7
ForkJoinPool.commonPool-worker-7
ForkJoinPool.commonPool-worker-7
ForkJoinPool.commonPool-worker-7
ForkJoinPool.commonPool-worker-7
ForkJoinPool.commonPool-worker-7
ForkJoinPool.commonPool-worker-7
ForkJoinPool.commonPool-worker-7
ForkJoinPool.commonPool-worker-7
ForkJoinPool.commonPool-worker-7
ForkJoinPool.commonPool-worker-7
ForkJoinPool.commonPool-worker-7
ForkJoinPool.commonPool-worker-7
ForkJoinPool.commonPool-worker-7
ForkJoinPool.commonPool-worker-7
ForkJoinPool.commonPool-worker-7
ForkJoinPool.commonPool-worker-7
ForkJoinPool.commonPool-worker-7
ForkJoinPool.commonPool-worker-7
ForkJoinPool.commonPool-worker-7
ForkJoinPool.commonPool-worker-7
ForkJoinPool.commonPool-worker-7
ForkJoinPool.commonPool-worker-7
ForkJoinPool.commonPool-worker-7
ForkJoinPool.commonPool-worker-7
ForkJoinPool.commonPool-worker-7
ForkJoinPool.commonPool-worker-7
ForkJoinPool.commonPool-worker-7
ForkJoinPool.commonPool-worker-7
ForkJoinPool.commonPool-worker-7
ForkJoinPool.commonPool-worker-7
ForkJoinPool.commonPool-worker-7
ForkJoinPool.commonPool-worker-7
ForkJoinPool.commonPool-worker-7
ForkJoinPool.commonPool-worker-7
ForkJoinPool.commonPool-worker-7
ForkJoinPool.commonPool-worker-7
ForkJoinPool.commonPool-worker-7
ForkJoinPool.commonPool-worker-7
ForkJoinPool.commonPool-worker-7
ForkJoinPool.commonPool-worker-7
ForkJoinPool.commonPool-worker-7
ForkJoinPool.commonPool-worker-7
ForkJoinPool.commonPool-worker-7
ForkJoinPool.commonPool-worker-7
ForkJoinPool.commonPool-worker-7
ForkJoinPool.commonPool-worker-7
ForkJoinPool.commonPool-worker-7
ForkJoinPool.commonPool-worker-7
ForkJoinPool.commonPool-worker-7
ForkJoinPool.commonPool-worker-7
ForkJoinPool.commonPool-worker-7
ForkJoinPool.commonPool-worker-7
ForkJoinPool.commonPool-worker-7
ForkJoinPool.commonPool-worker-7
ForkJoinPool.commonPool-worker-7
ForkJoinPool.commonPool-worker-7
ForkJoinPool.commonPool-worker-7
ForkJoinPool.commonPool-worker-7
ForkJoinPool.commonPool-worker-7
ForkJoinPool.commonPool-worker-7
ForkJoinPool.commonPool-worker-7
ForkJoinPool.commonPool-worker-7
ForkJoinPool.commonPool-worker-7
ForkJoinPool.commonPool-worker-7
ForkJoinPool.commonPool-worker-7
ForkJoinPool.commonPool-worker-7
ForkJoinPool.commonPool-worker-7
ForkJoinPool.commonPool-worker-7
ForkJoinPool.commonPool-worker-7
ForkJoinPool.commonPool-worker-7
ForkJoinPool.commonPool-worker-7
ForkJoinPool.commonPool-worker-7
ForkJoinPool.commonPool-worker-7
ForkJoinPool.commonPool-worker-7
ForkJoinPool.commonPool-worker-7
ForkJoinPool.commonPool-worker-7
ForkJoinPool.commonPool-worker-7
ForkJoinPool.commonPool-worker-7
ForkJoinPool.commonPool-worker-7
ForkJoinPool.commonPool-worker-7
ForkJoinPool.commonPool-worker-7
ForkJoinPool.commonPool-worker-7
ForkJoinPool.commonPool-worker-7
ForkJoinPool.commonPool-worker-7
ForkJoinPool.commonPool-worker-7
ForkJoinPool.commonPool-worker-7
ForkJoinPool.commonPool-worker-7
ForkJoinPool.commonPool-worker-7
ForkJoinPool.commonPool-worker-7
ForkJoinPool.commonPool-worker-7
ForkJoinPool.commonPool-worker-7
ForkJoinPool.commonPool-worker-7
ForkJoinPool.commonPool-worker-7
ForkJoinPool.commonPool-worker-7
ForkJoinPool.commonPool-worker-7
ForkJoinPool.commonPool-worker-7
ForkJoinPool.commonPool-worker-7
ForkJoinPool.commonPool-worker-7
ForkJoinPool.commonPool-worker-7
ForkJoinPool.commonPool-worker-7
ForkJoinPool.commonPool-worker-7
ForkJoinPool.commonPool-worker-7
ForkJoinPool.commonPool-worker-7
ForkJoinPool.commonPool-worker-7
ForkJoinPool.commonPool-worker-7
ForkJoinPool.commonPool-worker-7
ForkJoinPool.commonPool-worker-7
ForkJoinPool.commonPool-worker-7
ForkJoinPool.commonPool-worker-7
ForkJoinPool.commonPool-worker-7
ForkJoinPool.commonPool-worker-7
ForkJoinPool.commonPool-worker-7
ForkJoinPool.commonPool-worker-7
ForkJoinPool.commonPool-worker-7
ForkJoinPool.commonPool-worker-7
ForkJoinPool.commonPool-worker-7
ForkJoinPool.commonPool-worker-7
ForkJoinPool.commonPool-worker-7
ForkJoinPool.commonPool-worker-7
ForkJoinPool.commonPool-worker-7
ForkJoinPool.commonPool-worker-7
ForkJoinPool.commonPool-worker-7
ForkJoinPool.commonPool-worker-7
ForkJoinPool.commonPool-worker-7
ForkJoinPool.commonPool-worker-7
ForkJoinPool.commonPool-worker-7
ForkJoinPool.commonPool-worker-7
ForkJoinPool.commonPool-worker-7
ForkJoinPool.commonPool-worker-7
ForkJoinPool.commonPool-worker-7
ForkJoinPool.commonPool-worker-7
ForkJoinPool.commonPool-worker-7
ForkJoinPool.commonPool-worker-7
ForkJoinPool.commonPool-worker-7
ForkJoinPool.commonPool-worker-7
ForkJoinPool.commonPool-worker-7
ForkJoinPool.commonPool-worker-7
ForkJoinPool.commonPool-worker-7
ForkJoinPool.commonPool-worker-7
ForkJoinPool.commonPool-worker-7
ForkJoinPool.commonPool-worker-7
ForkJoinPool.commonPool-worker-7
ForkJoinPool.commonPool-worker-7
ForkJoinPool.commonPool-worker-7
ForkJoinPool.commonPool-worker-7
ForkJoinPool.commonPool-worker-7
ForkJoinPool.commonPool-worker-7
ForkJoinPool.commonPool-worker-7
ForkJoinPool.commonPool-worker-7
ForkJoinPool.commonPool-worker-7
ForkJoinPool.commonPool-worker-7
ForkJoinPool.commonPool-worker-7
ForkJoinPool.commonPool-worker-7
ForkJoinPool.commonPool-worker-7
ForkJoinPool.commonPool-worker-7
ForkJoinPool.commonPool-worker-7
ForkJoinPool.commonPool-worker-7
ForkJoinPool.commonPool-worker-7
ForkJoinPool.commonPool-worker-7
ForkJoinPool.commonPool-worker-7
ForkJoinPool.commonPool-worker-7
ForkJoinPool.commonPool-worker-7
ForkJoinPool.commonPool-worker-7
ForkJoinPool.commonPool-worker-7
ForkJoinPool.commonPool-worker-7
ForkJoinPool.commonPool-worker-7
ForkJoinPool.commonPool-worker-7
ForkJoinPool.commonPool-worker-7
ForkJoinPool.commonPool-worker-7
ForkJoinPool.commonPool-worker-7
ForkJoinPool.commonPool-worker-7
ForkJoinPool.commonPool-worker-7
ForkJoinPool.commonPool-worker-7
ForkJoinPool.commonPool-worker-7
ForkJoinPool.commonPool-worker-7
ForkJoinPool.commonPool-worker-7
ForkJoinPool.commonPool-worker-7
ForkJoinPool.commonPool-worker-7
ForkJoinPool.commonPool-worker-7
ForkJoinPool.commonPool-worker-7
ForkJoinPool.commonPool-worker-7
ForkJoinPool.commonPool-worker-7
ForkJoinPool.commonPool-worker-7
ForkJoinPool.commonPool-worker-7
ForkJoinPool.commonPool-worker-5
ForkJoinPool.commonPool-worker-5
ForkJoinPool.commonPool-worker-5
ForkJoinPool.commonPool-worker-5
ForkJoinPool.commonPool-worker-5
ForkJoinPool.commonPool-worker-5
ForkJoinPool.commonPool-worker-5
ForkJoinPool.commonPool-worker-5
ForkJoinPool.commonPool-worker-5
ForkJoinPool.commonPool-worker-5
ForkJoinPool.commonPool-worker-5
ForkJoinPool.commonPool-worker-5
ForkJoinPool.commonPool-worker-5
ForkJoinPool.commonPool-worker-5
ForkJoinPool.commonPool-worker-5
ForkJoinPool.commonPool-worker-5
ForkJoinPool.commonPool-worker-5
ForkJoinPool.commonPool-worker-5
ForkJoinPool.commonPool-worker-5
ForkJoinPool.commonPool-worker-5
ForkJoinPool.commonPool-worker-5
ForkJoinPool.commonPool-worker-5
ForkJoinPool.commonPool-worker-5
ForkJoinPool.commonPool-worker-5
ForkJoinPool.commonPool-worker-5
ForkJoinPool.commonPool-worker-5
ForkJoinPool.commonPool-worker-5
ForkJoinPool.commonPool-worker-5
ForkJoinPool.commonPool-worker-5
ForkJoinPool.commonPool-worker-5
ForkJoinPool.commonPool-worker-5
ForkJoinPool.commonPool-worker-5
ForkJoinPool.commonPool-worker-5
ForkJoinPool.commonPool-worker-5
ForkJoinPool.commonPool-worker-5
ForkJoinPool.commonPool-worker-5
ForkJoinPool.commonPool-worker-5
ForkJoinPool.commonPool-worker-5
ForkJoinPool.commonPool-worker-5
ForkJoinPool.commonPool-worker-5
ForkJoinPool.commonPool-worker-5
ForkJoinPool.commonPool-worker-5
ForkJoinPool.commonPool-worker-5
ForkJoinPool.commonPool-worker-5
ForkJoinPool.commonPool-worker-5
ForkJoinPool.commonPool-worker-5
ForkJoinPool.commonPool-worker-5
ForkJoinPool.commonPool-worker-5
ForkJoinPool.commonPool-worker-5
ForkJoinPool.commonPool-worker-5
ForkJoinPool.commonPool-worker-5
ForkJoinPool.commonPool-worker-5
ForkJoinPool.commonPool-worker-5
ForkJoinPool.commonPool-worker-5
ForkJoinPool.commonPool-worker-5
ForkJoinPool.commonPool-worker-5
ForkJoinPool.commonPool-worker-5
ForkJoinPool.commonPool-worker-7
ForkJoinPool.commonPool-worker-3
ForkJoinPool.commonPool-worker-9
ForkJoinPool.commonPool-worker-11
ForkJoinPool.commonPool-worker-13
ForkJoinPool.commonPool-worker-3
ForkJoinPool.commonPool-worker-3
ForkJoinPool.commonPool-worker-3
ForkJoinPool.commonPool-worker-11
ForkJoinPool.commonPool-worker-9
ForkJoinPool.commonPool-worker-7
ForkJoinPool.commonPool-worker-13
ForkJoinPool.commonPool-worker-15
ForkJoinPool.commonPool-worker-5
ForkJoinPool.commonPool-worker-7
ForkJoinPool.commonPool-worker-7
ForkJoinPool.commonPool-worker-7
ForkJoinPool.commonPool-worker-7
ForkJoinPool.commonPool-worker-11
ForkJoinPool.commonPool-worker-11
ForkJoinPool.commonPool-worker-11
ForkJoinPool.commonPool-worker-3
ForkJoinPool.commonPool-worker-11
ForkJoinPool.commonPool-worker-13
ForkJoinPool.commonPool-worker-15
ForkJoinPool.commonPool-worker-15
ForkJoinPool.commonPool-worker-3
ForkJoinPool.commonPool-worker-3
ForkJoinPool.commonPool-worker-3
ForkJoinPool.commonPool-worker-3
ForkJoinPool.commonPool-worker-3
ForkJoinPool.commonPool-worker-3
ForkJoinPool.commonPool-worker-3
ForkJoinPool.commonPool-worker-3
ForkJoinPool.commonPool-worker-3
ForkJoinPool.commonPool-worker-3
ForkJoinPool.commonPool-worker-3
ForkJoinPool.commonPool-worker-3
ForkJoinPool.commonPool-worker-3
ForkJoinPool.commonPool-worker-3
ForkJoinPool.commonPool-worker-3
ForkJoinPool.commonPool-worker-3
ForkJoinPool.commonPool-worker-3
ForkJoinPool.commonPool-worker-3
ForkJoinPool.commonPool-worker-3
ForkJoinPool.commonPool-worker-3
ForkJoinPool.commonPool-worker-3
ForkJoinPool.commonPool-worker-3
ForkJoinPool.commonPool-worker-3
ForkJoinPool.commonPool-worker-3
ForkJoinPool.commonPool-worker-3
ForkJoinPool.commonPool-worker-3
ForkJoinPool.commonPool-worker-3
ForkJoinPool.commonPool-worker-3
ForkJoinPool.commonPool-worker-3
ForkJoinPool.commonPool-worker-3
ForkJoinPool.commonPool-worker-3
ForkJoinPool.commonPool-worker-3
ForkJoinPool.commonPool-worker-3
ForkJoinPool.commonPool-worker-3
ForkJoinPool.commonPool-worker-3
ForkJoinPool.commonPool-worker-3
ForkJoinPool.commonPool-worker-3
ForkJoinPool.commonPool-worker-3
ForkJoinPool.commonPool-worker-3
ForkJoinPool.commonPool-worker-3
ForkJoinPool.commonPool-worker-3
ForkJoinPool.commonPool-worker-3
ForkJoinPool.commonPool-worker-3
ForkJoinPool.commonPool-worker-3
ForkJoinPool.commonPool-worker-3
ForkJoinPool.commonPool-worker-3
ForkJoinPool.commonPool-worker-3
ForkJoinPool.commonPool-worker-3
ForkJoinPool.commonPool-worker-3
ForkJoinPool.commonPool-worker-3
ForkJoinPool.commonPool-worker-3
ForkJoinPool.commonPool-worker-3
ForkJoinPool.commonPool-worker-3
ForkJoinPool.commonPool-worker-3
ForkJoinPool.commonPool-worker-3
ForkJoinPool.commonPool-worker-3
ForkJoinPool.commonPool-worker-3
ForkJoinPool.commonPool-worker-3
ForkJoinPool.commonPool-worker-3
ForkJoinPool.commonPool-worker-3
ForkJoinPool.commonPool-worker-3
ForkJoinPool.commonPool-worker-3
ForkJoinPool.commonPool-worker-3
ForkJoinPool.commonPool-worker-3
ForkJoinPool.commonPool-worker-3
ForkJoinPool.commonPool-worker-3
ForkJoinPool.commonPool-worker-3
ForkJoinPool.commonPool-worker-3
ForkJoinPool.commonPool-worker-3
ForkJoinPool.commonPool-worker-3
ForkJoinPool.commonPool-worker-3
ForkJoinPool.commonPool-worker-3
ForkJoinPool.commonPool-worker-3
ForkJoinPool.commonPool-worker-3
ForkJoinPool.commonPool-worker-3
ForkJoinPool.commonPool-worker-3
ForkJoinPool.commonPool-worker-3
ForkJoinPool.commonPool-worker-3
ForkJoinPool.commonPool-worker-3
ForkJoinPool.commonPool-worker-3
ForkJoinPool.commonPool-worker-3
ForkJoinPool.commonPool-worker-3
ForkJoinPool.commonPool-worker-3
ForkJoinPool.commonPool-worker-3
ForkJoinPool.commonPool-worker-3
ForkJoinPool.commonPool-worker-3
ForkJoinPool.commonPool-worker-3
ForkJoinPool.commonPool-worker-3
ForkJoinPool.commonPool-worker-3
ForkJoinPool.commonPool-worker-3
ForkJoinPool.commonPool-worker-3
ForkJoinPool.commonPool-worker-3
ForkJoinPool.commonPool-worker-3
ForkJoinPool.commonPool-worker-3
ForkJoinPool.commonPool-worker-3
ForkJoinPool.commonPool-worker-3
ForkJoinPool.commonPool-worker-3
ForkJoinPool.commonPool-worker-3
ForkJoinPool.commonPool-worker-3
ForkJoinPool.commonPool-worker-3
ForkJoinPool.commonPool-worker-3
ForkJoinPool.commonPool-worker-3
ForkJoinPool.commonPool-worker-3
ForkJoinPool.commonPool-worker-3
ForkJoinPool.commonPool-worker-3
ForkJoinPool.commonPool-worker-3
ForkJoinPool.commonPool-worker-3
ForkJoinPool.commonPool-worker-3
ForkJoinPool.commonPool-worker-3
ForkJoinPool.commonPool-worker-3
ForkJoinPool.commonPool-worker-3
ForkJoinPool.commonPool-worker-3
ForkJoinPool.commonPool-worker-3
ForkJoinPool.commonPool-worker-3
ForkJoinPool.commonPool-worker-3
ForkJoinPool.commonPool-worker-11
ForkJoinPool.commonPool-worker-3
ForkJoinPool.commonPool-worker-15
ForkJoinPool.commonPool-worker-13
ForkJoinPool.commonPool-worker-7
ForkJoinPool.commonPool-worker-11
ForkJoinPool.commonPool-worker-11
ForkJoinPool.commonPool-worker-3
ForkJoinPool.commonPool-worker-11
ForkJoinPool.commonPool-worker-11
ForkJoinPool.commonPool-worker-11
ForkJoinPool.commonPool-worker-11
ForkJoinPool.commonPool-worker-11
ForkJoinPool.commonPool-worker-7
ForkJoinPool.commonPool-worker-11
ForkJoinPool.commonPool-worker-11
ForkJoinPool.commonPool-worker-11
ForkJoinPool.commonPool-worker-15
ForkJoinPool.commonPool-worker-15
ForkJoinPool.commonPool-worker-15
ForkJoinPool.commonPool-worker-15
ForkJoinPool.commonPool-worker-11
ForkJoinPool.commonPool-worker-11
ForkJoinPool.commonPool-worker-15
ForkJoinPool.commonPool-worker-15
ForkJoinPool.commonPool-worker-11
ForkJoinPool.commonPool-worker-11
ForkJoinPool.commonPool-worker-11
ForkJoinPool.commonPool-worker-11
ForkJoinPool.commonPool-worker-11
ForkJoinPool.commonPool-worker-11
ForkJoinPool.commonPool-worker-11
ForkJoinPool.commonPool-worker-11
ForkJoinPool.commonPool-worker-11
ForkJoinPool.commonPool-worker-11
ForkJoinPool.commonPool-worker-11
ForkJoinPool.commonPool-worker-11
ForkJoinPool.commonPool-worker-11
ForkJoinPool.commonPool-worker-11
ForkJoinPool.commonPool-worker-11
ForkJoinPool.commonPool-worker-11
ForkJoinPool.commonPool-worker-11
ForkJoinPool.commonPool-worker-11
ForkJoinPool.commonPool-worker-11
ForkJoinPool.commonPool-worker-11
ForkJoinPool.commonPool-worker-11
ForkJoinPool.commonPool-worker-11
ForkJoinPool.commonPool-worker-11
ForkJoinPool.commonPool-worker-11
ForkJoinPool.commonPool-worker-11
ForkJoinPool.commonPool-worker-11
ForkJoinPool.commonPool-worker-11
ForkJoinPool.commonPool-worker-11
ForkJoinPool.commonPool-worker-11
ForkJoinPool.commonPool-worker-11
ForkJoinPool.commonPool-worker-11
ForkJoinPool.commonPool-worker-11
ForkJoinPool.commonPool-worker-11
ForkJoinPool.commonPool-worker-11
ForkJoinPool.commonPool-worker-11
ForkJoinPool.commonPool-worker-11
ForkJoinPool.commonPool-worker-11
ForkJoinPool.commonPool-worker-11
ForkJoinPool.commonPool-worker-11
ForkJoinPool.commonPool-worker-11
ForkJoinPool.commonPool-worker-11
ForkJoinPool.commonPool-worker-11
ForkJoinPool.commonPool-worker-11
ForkJoinPool.commonPool-worker-11
ForkJoinPool.commonPool-worker-11
ForkJoinPool.commonPool-worker-11
ForkJoinPool.commonPool-worker-11
ForkJoinPool.commonPool-worker-11
ForkJoinPool.commonPool-worker-11
ForkJoinPool.commonPool-worker-11
ForkJoinPool.commonPool-worker-11
ForkJoinPool.commonPool-worker-11
ForkJoinPool.commonPool-worker-11
ForkJoinPool.commonPool-worker-11
ForkJoinPool.commonPool-worker-11
ForkJoinPool.commonPool-worker-11
ForkJoinPool.commonPool-worker-11
ForkJoinPool.commonPool-worker-11
ForkJoinPool.commonPool-worker-11
ForkJoinPool.commonPool-worker-11
ForkJoinPool.commonPool-worker-11
ForkJoinPool.commonPool-worker-11
ForkJoinPool.commonPool-worker-11
ForkJoinPool.commonPool-worker-11
ForkJoinPool.commonPool-worker-11
ForkJoinPool.commonPool-worker-11
ForkJoinPool.commonPool-worker-11
ForkJoinPool.commonPool-worker-11
ForkJoinPool.commonPool-worker-11
ForkJoinPool.commonPool-worker-11
ForkJoinPool.commonPool-worker-11
ForkJoinPool.commonPool-worker-11
ForkJoinPool.commonPool-worker-11
ForkJoinPool.commonPool-worker-11
ForkJoinPool.commonPool-worker-11
ForkJoinPool.commonPool-worker-11
ForkJoinPool.commonPool-worker-11
ForkJoinPool.commonPool-worker-11
ForkJoinPool.commonPool-worker-11
ForkJoinPool.commonPool-worker-11
ForkJoinPool.commonPool-worker-11
ForkJoinPool.commonPool-worker-11
ForkJoinPool.commonPool-worker-11
ForkJoinPool.commonPool-worker-11
ForkJoinPool.commonPool-worker-11
ForkJoinPool.commonPool-worker-11
ForkJoinPool.commonPool-worker-11
ForkJoinPool.commonPool-worker-11
ForkJoinPool.commonPool-worker-11
ForkJoinPool.commonPool-worker-11
ForkJoinPool.commonPool-worker-11
ForkJoinPool.commonPool-worker-11
ForkJoinPool.commonPool-worker-11
ForkJoinPool.commonPool-worker-11
ForkJoinPool.commonPool-worker-11
ForkJoinPool.commonPool-worker-11
ForkJoinPool.commonPool-worker-11
ForkJoinPool.commonPool-worker-11
ForkJoinPool.commonPool-worker-11
ForkJoinPool.commonPool-worker-11
ForkJoinPool.commonPool-worker-11
ForkJoinPool.commonPool-worker-11
ForkJoinPool.commonPool-worker-11
ForkJoinPool.commonPool-worker-11
ForkJoinPool.commonPool-worker-11
ForkJoinPool.commonPool-worker-11
ForkJoinPool.commonPool-worker-11
ForkJoinPool.commonPool-worker-11
ForkJoinPool.commonPool-worker-11
ForkJoinPool.commonPool-worker-11
ForkJoinPool.commonPool-worker-11
ForkJoinPool.commonPool-worker-11
ForkJoinPool.commonPool-worker-11
ForkJoinPool.commonPool-worker-11
ForkJoinPool.commonPool-worker-11
ForkJoinPool.commonPool-worker-11
ForkJoinPool.commonPool-worker-11
ForkJoinPool.commonPool-worker-11
ForkJoinPool.commonPool-worker-11
ForkJoinPool.commonPool-worker-11
ForkJoinPool.commonPool-worker-11
ForkJoinPool.commonPool-worker-11
ForkJoinPool.commonPool-worker-11
ForkJoinPool.commonPool-worker-11
ForkJoinPool.commonPool-worker-11
ForkJoinPool.commonPool-worker-11
ForkJoinPool.commonPool-worker-11
ForkJoinPool.commonPool-worker-11
ForkJoinPool.commonPool-worker-11
ForkJoinPool.commonPool-worker-11
ForkJoinPool.commonPool-worker-11
ForkJoinPool.commonPool-worker-11
ForkJoinPool.commonPool-worker-11
ForkJoinPool.commonPool-worker-11
ForkJoinPool.commonPool-worker-11
ForkJoinPool.commonPool-worker-11
ForkJoinPool.commonPool-worker-11
ForkJoinPool.commonPool-worker-11
ForkJoinPool.commonPool-worker-11
ForkJoinPool.commonPool-worker-11
ForkJoinPool.commonPool-worker-11
ForkJoinPool.commonPool-worker-11
ForkJoinPool.commonPool-worker-11
ForkJoinPool.commonPool-worker-11
ForkJoinPool.commonPool-worker-11
ForkJoinPool.commonPool-worker-11
ForkJoinPool.commonPool-worker-11
ForkJoinPool.commonPool-worker-11
ForkJoinPool.commonPool-worker-11
ForkJoinPool.commonPool-worker-11
ForkJoinPool.commonPool-worker-11
ForkJoinPool.commonPool-worker-11
ForkJoinPool.commonPool-worker-11
ForkJoinPool.commonPool-worker-11
ForkJoinPool.commonPool-worker-11
ForkJoinPool.commonPool-worker-11
ForkJoinPool.commonPool-worker-11
ForkJoinPool.commonPool-worker-11
ForkJoinPool.commonPool-worker-11
ForkJoinPool.commonPool-worker-11
ForkJoinPool.commonPool-worker-11
ForkJoinPool.commonPool-worker-11
ForkJoinPool.commonPool-worker-11
ForkJoinPool.commonPool-worker-11
ForkJoinPool.commonPool-worker-11
ForkJoinPool.commonPool-worker-11
ForkJoinPool.commonPool-worker-11
ForkJoinPool.commonPool-worker-11
ForkJoinPool.commonPool-worker-11
ForkJoinPool.commonPool-worker-11
ForkJoinPool.commonPool-worker-11
ForkJoinPool.commonPool-worker-11
]]></system-out>
  <system-err><![CDATA[]]></system-err>
</testsuite>
